app/build/intermediates/manifest_merge_blame_file/debug/manifest-merger-blame-debug-report.txt
1<?xml version="1.0" encoding="utf-8"?>
2<manifest xmlns:android="http://schemas.android.com/apk/res/android"
3    package="com.example.shoppingapp"
4    android:versionCode="1"
5    android:versionName="1.0" >
6
7    <uses-sdk
8        android:minSdkVersion="16"
8-->src\main\AndroidManifest.xml
9        android:targetSdkVersion="29" />
9-->src\main\AndroidManifest.xml
10
11    <uses-permission android:name="android.permission.READ_EXTERNAL_STORAGE" />
11-->src\main\AndroidManifest.xml:5:5-80
11-->src\main\AndroidManifest.xml:5:22-77
12    <uses-permission android:name="android.permission.WRITE_EXTERNAL_STORAGE" />
12-->src\main\AndroidManifest.xml:6:5-81
12-->src\main\AndroidManifest.xml:6:22-78
13    <uses-permission android:name="android.permission.INTERNET" /> <!-- Although the *SdkVersion is captured in gradle build files, this is required for non gradle builds -->
13-->[com.firebaseui:firebase-ui-database:6.1.0] AndroidManifest.xml:11:5-67
13-->[com.firebaseui:firebase-ui-database:6.1.0] AndroidManifest.xml:11:22-64
14    <!-- <uses-sdk android:minSdkVersion="14"/> -->
15    <uses-permission android:name="android.permission.ACCESS_NETWORK_STATE" />
15-->[com.google.firebase:firebase-database:20.0.0] AndroidManifest.xml:25:5-79
15-->[com.google.firebase:firebase-database:20.0.0] AndroidManifest.xml:25:22-76
16    <uses-permission android:name="android.permission.WAKE_LOCK" />
16-->[com.google.android.gms:play-services-measurement:19.0.0] AndroidManifest.xml:25:5-68
16-->[com.google.android.gms:play-services-measurement:19.0.0] AndroidManifest.xml:25:22-65
17    <uses-permission android:name="com.google.android.finsky.permission.BIND_GET_INSTALL_REFERRER_SERVICE" />
17-->[com.google.android.gms:play-services-measurement:19.0.0] AndroidManifest.xml:26:5-110
17-->[com.google.android.gms:play-services-measurement:19.0.0] AndroidManifest.xml:26:22-107
18
19    <application
19-->src\main\AndroidManifest.xml:8:5-63:19
20        android:allowBackup="true"
20-->src\main\AndroidManifest.xml:9:9-35
21        android:appComponentFactory="androidx.core.app.CoreComponentFactory"
21-->[androidx.core:core:1.5.0] AndroidManifest.xml:24:18-86
22        android:debuggable="true"
23        android:icon="@mipmap/ic_launcher"
23-->src\main\AndroidManifest.xml:10:9-43
24        android:label="@string/app_name"
24-->src\main\AndroidManifest.xml:11:9-41
25        android:roundIcon="@mipmap/ic_launcher_round"
25-->src\main\AndroidManifest.xml:12:9-54
26        android:supportsRtl="true"
26-->src\main\AndroidManifest.xml:13:9-35
27        android:testOnly="true"
28        android:theme="@style/AppTheme" >
28-->src\main\AndroidManifest.xml:14:9-40
29        <activity android:name="com.example.shoppingapp.ViewOrdersActivity" />
29-->src\main\AndroidManifest.xml:15:9-65
29-->src\main\AndroidManifest.xml:15:19-53
30        <activity android:name="com.example.shoppingapp.Category.KidsActivity" />
30-->src\main\AndroidManifest.xml:16:9-59
30-->src\main\AndroidManifest.xml:16:19-56
31        <activity android:name="com.example.shoppingapp.Category.WomenActivity" />
31-->src\main\AndroidManifest.xml:17:9-60
31-->src\main\AndroidManifest.xml:17:19-57
32        <activity android:name="com.example.shoppingapp.Category.MenActivity" />
32-->src\main\AndroidManifest.xml:18:9-58
32-->src\main\AndroidManifest.xml:18:19-55
33        <activity android:name="com.example.shoppingapp.Category.CategoryListActivity" />
33-->src\main\AndroidManifest.xml:19:9-67
33-->src\main\AndroidManifest.xml:19:19-64
34        <activity android:name="com.example.shoppingapp.WishListActivity" />
34-->src\main\AndroidManifest.xml:20:9-54
34-->src\main\AndroidManifest.xml:20:19-51
35        <activity android:name="com.example.shoppingapp.ForgetPasswordActivity" />
35-->src\main\AndroidManifest.xml:21:9-60
35-->src\main\AndroidManifest.xml:21:19-57
36        <activity android:name="com.example.shoppingapp.Admin.AdminMaintainProductsActivity" />
36-->src\main\AndroidManifest.xml:22:9-73
36-->src\main\AndroidManifest.xml:22:19-70
37        <activity android:name="com.example.shoppingapp.SearchProductsActivity" />
37-->src\main\AndroidManifest.xml:23:9-60
37-->src\main\AndroidManifest.xml:23:19-57
38        <activity android:name="com.example.shoppingapp.Admin.AdminUsersProductsActivity" />
38-->src\main\AndroidManifest.xml:24:9-70
38-->src\main\AndroidManifest.xml:24:19-67
39        <activity android:name="com.example.shoppingapp.Admin.AdminNewOrdersActivity" />
39-->src\main\AndroidManifest.xml:25:9-66
39-->src\main\AndroidManifest.xml:25:19-63
40        <activity android:name="com.example.shoppingapp.ConfirmOrderActivity" />
40-->src\main\AndroidManifest.xml:26:9-58
40-->src\main\AndroidManifest.xml:26:19-55
41        <activity android:name="com.example.shoppingapp.CartActivity" />
41-->src\main\AndroidManifest.xml:27:9-50
41-->src\main\AndroidManifest.xml:27:19-47
42        <activity
42-->src\main\AndroidManifest.xml:28:9-36:20
43            android:name="com.example.shoppingapp.SplashActivity"
43-->src\main\AndroidManifest.xml:29:13-43
44            android:theme="@style/SplashTheme" >
44-->src\main\AndroidManifest.xml:30:13-47
45            <intent-filter>
45-->src\main\AndroidManifest.xml:31:13-35:29
46                <action android:name="android.intent.action.MAIN" />
46-->src\main\AndroidManifest.xml:32:17-69
46-->src\main\AndroidManifest.xml:32:25-66
47
48                <category android:name="android.intent.category.LAUNCHER" />
48-->src\main\AndroidManifest.xml:34:17-77
48-->src\main\AndroidManifest.xml:34:27-74
49            </intent-filter>
50        </activity>
51        <activity android:name="com.example.shoppingapp.ProductDetailsActivity" />
51-->src\main\AndroidManifest.xml:37:9-60
51-->src\main\AndroidManifest.xml:37:19-57
52        <activity android:name="com.example.shoppingapp.SettingsActivity" />
52-->src\main\AndroidManifest.xml:38:9-54
52-->src\main\AndroidManifest.xml:38:19-51
53        <activity
53-->src\main\AndroidManifest.xml:39:9-42:59
54            android:name="com.example.shoppingapp.HomeActivity"
54-->src\main\AndroidManifest.xml:40:13-41
55            android:label="@string/title_activity_home"
55-->src\main\AndroidManifest.xml:41:13-56
56            android:theme="@style/AppTheme.NoActionBar" />
56-->src\main\AndroidManifest.xml:42:13-56
57        <activity android:name="com.example.shoppingapp.Admin.AdminCategoryActivity" />
57-->src\main\AndroidManifest.xml:43:9-65
57-->src\main\AndroidManifest.xml:43:19-62
58        <activity android:name="com.example.shoppingapp.Admin.AdminAddProductActivity" />
58-->src\main\AndroidManifest.xml:44:9-67
58-->src\main\AndroidManifest.xml:44:19-64
59        <activity android:name="com.example.shoppingapp.RegisterActivity" />
59-->src\main\AndroidManifest.xml:45:9-54
59-->src\main\AndroidManifest.xml:45:19-51
60        <activity android:name="com.example.shoppingapp.LoginActivity" />
60-->src\main\AndroidManifest.xml:46:9-51
60-->src\main\AndroidManifest.xml:46:19-48
61        <activity android:name="com.example.shoppingapp.MainActivity" >
61-->src\main\AndroidManifest.xml:47:9-55:20
61-->src\main\AndroidManifest.xml:47:19-47
62
63            <!-- <intent-filter> -->
64            <!-- <action android:name="android.intent.action.MAIN" /> -->
65
66
67            <!-- <category android:name="android.intent.category.LAUNCHER" /> -->
68            <!-- </intent-filter> -->
69        </activity> <!-- (edited by urme) optional (needed if default theme has no action bar) -->
70        <activity
70-->src\main\AndroidManifest.xml:56:9-58:59
71            android:name="com.theartofdev.edmodo.cropper.CropImageActivity"
71-->src\main\AndroidManifest.xml:57:13-76
72            android:theme="@style/Base.Theme.AppCompat" />
72-->src\main\AndroidManifest.xml:58:13-56
73
74        <meta-data
74-->src\main\AndroidManifest.xml:60:9-62:57
75            android:name="preloaded_fonts"
75-->src\main\AndroidManifest.xml:61:13-43
76            android:resource="@array/preloaded_fonts" />
76-->src\main\AndroidManifest.xml:62:13-54
77
78        <service
78-->[com.google.firebase:firebase-database:20.0.0] AndroidManifest.xml:29:9-35:19
79            android:name="com.google.firebase.components.ComponentDiscoveryService"
79-->[com.google.firebase:firebase-database:20.0.0] AndroidManifest.xml:30:13-84
80            android:directBootAware="true"
80-->[com.google.firebase:firebase-common:20.0.0] AndroidManifest.xml:35:13-43
81            android:exported="false" >
81-->[com.google.firebase:firebase-database:20.0.0] AndroidManifest.xml:31:13-37
82            <meta-data
82-->[com.google.firebase:firebase-database:20.0.0] AndroidManifest.xml:32:13-34:85
83                android:name="com.google.firebase.components:com.google.firebase.database.DatabaseRegistrar"
83-->[com.google.firebase:firebase-database:20.0.0] AndroidManifest.xml:33:17-109
84                android:value="com.google.firebase.components.ComponentRegistrar" />
84-->[com.google.firebase:firebase-database:20.0.0] AndroidManifest.xml:34:17-82
85            <meta-data
85-->[com.google.firebase:firebase-storage:20.0.0] AndroidManifest.xml:33:13-35:85
86                android:name="com.google.firebase.components:com.google.firebase.storage.StorageRegistrar"
86-->[com.google.firebase:firebase-storage:20.0.0] AndroidManifest.xml:34:17-107
87                android:value="com.google.firebase.components.ComponentRegistrar" />
87-->[com.google.firebase:firebase-storage:20.0.0] AndroidManifest.xml:35:17-82
88            <meta-data
88-->[com.google.firebase:firebase-auth:21.0.1] AndroidManifest.xml:77:13-79:85
89                android:name="com.google.firebase.components:com.google.firebase.auth.FirebaseAuthRegistrar"
89-->[com.google.firebase:firebase-auth:21.0.1] AndroidManifest.xml:78:17-109
90                android:value="com.google.firebase.components.ComponentRegistrar" />
90-->[com.google.firebase:firebase-auth:21.0.1] AndroidManifest.xml:79:17-82
91            <meta-data
91-->[com.google.android.gms:play-services-measurement-api:19.0.0] AndroidManifest.xml:30:13-32:85
92                android:name="com.google.firebase.components:com.google.firebase.analytics.connector.internal.AnalyticsConnectorRegistrar"
92-->[com.google.android.gms:play-services-measurement-api:19.0.0] AndroidManifest.xml:31:17-139
93                android:value="com.google.firebase.components.ComponentRegistrar" />
93-->[com.google.android.gms:play-services-measurement-api:19.0.0] AndroidManifest.xml:32:17-82
94            <meta-data
94-->[com.google.firebase:firebase-installations:17.0.0] AndroidManifest.xml:18:13-20:85
95                android:name="com.google.firebase.components:com.google.firebase.installations.FirebaseInstallationsRegistrar"
95-->[com.google.firebase:firebase-installations:17.0.0] AndroidManifest.xml:19:17-127
96                android:value="com.google.firebase.components.ComponentRegistrar" />
96-->[com.google.firebase:firebase-installations:17.0.0] AndroidManifest.xml:20:17-82
97        </service>
98
99        <provider
99-->[com.squareup.picasso:picasso:2.71828] AndroidManifest.xml:8:9-11:40
100            android:name="com.squareup.picasso.PicassoProvider"
100-->[com.squareup.picasso:picasso:2.71828] AndroidManifest.xml:9:13-64
101            android:authorities="com.example.shoppingapp.com.squareup.picasso"
101-->[com.squareup.picasso:picasso:2.71828] AndroidManifest.xml:10:13-72
102            android:exported="false" />
102-->[com.squareup.picasso:picasso:2.71828] AndroidManifest.xml:11:13-37
103
104        <activity
104-->[com.google.firebase:firebase-auth:21.0.1] AndroidManifest.xml:27:9-44:20
105            android:name="com.google.firebase.auth.internal.GenericIdpActivity"
105-->[com.google.firebase:firebase-auth:21.0.1] AndroidManifest.xml:28:13-80
106            android:excludeFromRecents="true"
106-->[com.google.firebase:firebase-auth:21.0.1] AndroidManifest.xml:29:13-46
107            android:exported="true"
107-->[com.google.firebase:firebase-auth:21.0.1] AndroidManifest.xml:30:13-36
108            android:launchMode="singleTask"
108-->[com.google.firebase:firebase-auth:21.0.1] AndroidManifest.xml:31:13-44
109            android:theme="@android:style/Theme.Translucent.NoTitleBar" >
109-->[com.google.firebase:firebase-auth:21.0.1] AndroidManifest.xml:32:13-72
110            <intent-filter>
110-->[com.google.firebase:firebase-auth:21.0.1] AndroidManifest.xml:33:13-43:29
111                <action android:name="android.intent.action.VIEW" />
111-->[com.google.firebase:firebase-auth:21.0.1] AndroidManifest.xml:34:17-69
111-->[com.google.firebase:firebase-auth:21.0.1] AndroidManifest.xml:34:25-66
112
113                <category android:name="android.intent.category.DEFAULT" />
113-->[com.google.firebase:firebase-auth:21.0.1] AndroidManifest.xml:36:17-76
113-->[com.google.firebase:firebase-auth:21.0.1] AndroidManifest.xml:36:27-73
114                <category android:name="android.intent.category.BROWSABLE" />
114-->[com.google.firebase:firebase-auth:21.0.1] AndroidManifest.xml:37:17-78
114-->[com.google.firebase:firebase-auth:21.0.1] AndroidManifest.xml:37:27-75
115
116                <data
116-->[com.google.firebase:firebase-auth:21.0.1] AndroidManifest.xml:39:17-42:51
117                    android:host="firebase.auth"
117-->[com.google.firebase:firebase-auth:21.0.1] AndroidManifest.xml:40:21-49
118                    android:path="/"
118-->[com.google.firebase:firebase-auth:21.0.1] AndroidManifest.xml:41:21-37
119                    android:scheme="genericidp" />
119-->[com.google.firebase:firebase-auth:21.0.1] AndroidManifest.xml:42:21-48
120            </intent-filter>
121        </activity>
122        <activity
122-->[com.google.firebase:firebase-auth:21.0.1] AndroidManifest.xml:45:9-62:20
123            android:name="com.google.firebase.auth.internal.RecaptchaActivity"
123-->[com.google.firebase:firebase-auth:21.0.1] AndroidManifest.xml:46:13-79
124            android:excludeFromRecents="true"
124-->[com.google.firebase:firebase-auth:21.0.1] AndroidManifest.xml:47:13-46
125            android:exported="true"
125-->[com.google.firebase:firebase-auth:21.0.1] AndroidManifest.xml:48:13-36
126            android:launchMode="singleTask"
126-->[com.google.firebase:firebase-auth:21.0.1] AndroidManifest.xml:49:13-44
127            android:theme="@android:style/Theme.Translucent.NoTitleBar" >
127-->[com.google.firebase:firebase-auth:21.0.1] AndroidManifest.xml:50:13-72
128            <intent-filter>
128-->[com.google.firebase:firebase-auth:21.0.1] AndroidManifest.xml:51:13-61:29
129                <action android:name="android.intent.action.VIEW" />
129-->[com.google.firebase:firebase-auth:21.0.1] AndroidManifest.xml:34:17-69
129-->[com.google.firebase:firebase-auth:21.0.1] AndroidManifest.xml:34:25-66
130
131                <category android:name="android.intent.category.DEFAULT" />
131-->[com.google.firebase:firebase-auth:21.0.1] AndroidManifest.xml:36:17-76
131-->[com.google.firebase:firebase-auth:21.0.1] AndroidManifest.xml:36:27-73
132                <category android:name="android.intent.category.BROWSABLE" />
132-->[com.google.firebase:firebase-auth:21.0.1] AndroidManifest.xml:37:17-78
132-->[com.google.firebase:firebase-auth:21.0.1] AndroidManifest.xml:37:27-75
133
134                <data
134-->[com.google.firebase:firebase-auth:21.0.1] AndroidManifest.xml:39:17-42:51
135                    android:host="firebase.auth"
135-->[com.google.firebase:firebase-auth:21.0.1] AndroidManifest.xml:40:21-49
136                    android:path="/"
136-->[com.google.firebase:firebase-auth:21.0.1] AndroidManifest.xml:41:21-37
137                    android:scheme="recaptcha" />
137-->[com.google.firebase:firebase-auth:21.0.1] AndroidManifest.xml:42:21-48
138            </intent-filter>
139        </activity>
140
141        <service
141-->[com.google.firebase:firebase-auth:21.0.1] AndroidManifest.xml:64:9-73:19
142            android:name="com.google.firebase.auth.api.fallback.service.FirebaseAuthFallbackService"
142-->[com.google.firebase:firebase-auth:21.0.1] AndroidManifest.xml:65:13-101
143            android:enabled="true"
143-->[com.google.firebase:firebase-auth:21.0.1] AndroidManifest.xml:66:13-35
144            android:exported="false" >
144-->[com.google.firebase:firebase-auth:21.0.1] AndroidManifest.xml:67:13-37
145            <intent-filter>
145-->[com.google.firebase:firebase-auth:21.0.1] AndroidManifest.xml:68:13-72:29
146                <action android:name="com.google.firebase.auth.api.gms.service.START" />
146-->[com.google.firebase:firebase-auth:21.0.1] AndroidManifest.xml:69:17-89
146-->[com.google.firebase:firebase-auth:21.0.1] AndroidManifest.xml:69:25-86
147
148                <category android:name="android.intent.category.DEFAULT" />
148-->[com.google.firebase:firebase-auth:21.0.1] AndroidManifest.xml:36:17-76
148-->[com.google.firebase:firebase-auth:21.0.1] AndroidManifest.xml:36:27-73
149            </intent-filter>
150        </service>
151
152        <activity
152-->[com.google.android.gms:play-services-base:17.1.0] AndroidManifest.xml:23:9-26:75
153            android:name="com.google.android.gms.common.api.GoogleApiActivity"
153-->[com.google.android.gms:play-services-base:17.1.0] AndroidManifest.xml:24:13-79
154            android:exported="false"
154-->[com.google.android.gms:play-services-base:17.1.0] AndroidManifest.xml:25:13-37
155            android:theme="@android:style/Theme.Translucent.NoTitleBar" />
155-->[com.google.android.gms:play-services-base:17.1.0] AndroidManifest.xml:26:13-72
156
157        <receiver
157-->[com.google.android.gms:play-services-measurement:19.0.0] AndroidManifest.xml:29:9-33:20
158            android:name="com.google.android.gms.measurement.AppMeasurementReceiver"
158-->[com.google.android.gms:play-services-measurement:19.0.0] AndroidManifest.xml:30:13-85
159            android:enabled="true"
159-->[com.google.android.gms:play-services-measurement:19.0.0] AndroidManifest.xml:31:13-35
160            android:exported="false" >
160-->[com.google.android.gms:play-services-measurement:19.0.0] AndroidManifest.xml:32:13-37
161        </receiver>
162
163        <service
163-->[com.google.android.gms:play-services-measurement:19.0.0] AndroidManifest.xml:35:9-38:40
164            android:name="com.google.android.gms.measurement.AppMeasurementService"
164-->[com.google.android.gms:play-services-measurement:19.0.0] AndroidManifest.xml:36:13-84
165            android:enabled="true"
165-->[com.google.android.gms:play-services-measurement:19.0.0] AndroidManifest.xml:37:13-35
166            android:exported="false" />
166-->[com.google.android.gms:play-services-measurement:19.0.0] AndroidManifest.xml:38:13-37
167        <service
167-->[com.google.android.gms:play-services-measurement:19.0.0] AndroidManifest.xml:39:9-43:72
168            android:name="com.google.android.gms.measurement.AppMeasurementJobService"
168-->[com.google.android.gms:play-services-measurement:19.0.0] AndroidManifest.xml:40:13-87
169            android:enabled="true"
169-->[com.google.android.gms:play-services-measurement:19.0.0] AndroidManifest.xml:41:13-35
170            android:exported="false"
170-->[com.google.android.gms:play-services-measurement:19.0.0] AndroidManifest.xml:42:13-37
171            android:permission="android.permission.BIND_JOB_SERVICE" />
171-->[com.google.android.gms:play-services-measurement:19.0.0] AndroidManifest.xml:43:13-69
172
173        <provider
173-->[com.google.firebase:firebase-common:20.0.0] AndroidManifest.xml:26:9-31:39
174            android:name="com.google.firebase.provider.FirebaseInitProvider"
174-->[com.google.firebase:firebase-common:20.0.0] AndroidManifest.xml:27:13-77
175            android:authorities="com.example.shoppingapp.firebaseinitprovider"
175-->[com.google.firebase:firebase-common:20.0.0] AndroidManifest.xml:28:13-72
176            android:directBootAware="true"
176-->[com.google.firebase:firebase-common:20.0.0] AndroidManifest.xml:29:13-43
177            android:exported="false"
177-->[com.google.firebase:firebase-common:20.0.0] AndroidManifest.xml:30:13-37
178            android:initOrder="100" />
178-->[com.google.firebase:firebase-common:20.0.0] AndroidManifest.xml:31:13-36
179
180        <meta-data
180-->[com.google.android.gms:play-services-basement:17.1.0] AndroidManifest.xml:23:9-25:69
181            android:name="com.google.android.gms.version"
181-->[com.google.android.gms:play-services-basement:17.1.0] AndroidManifest.xml:24:13-58
182            android:value="@integer/google_play_services_version" />
182-->[com.google.android.gms:play-services-basement:17.1.0] AndroidManifest.xml:25:13-66
183
184        <provider
184-->[androidx.lifecycle:lifecycle-process:2.2.0] AndroidManifest.xml:25:9-29:43
185            android:name="androidx.lifecycle.ProcessLifecycleOwnerInitializer"
185-->[androidx.lifecycle:lifecycle-process:2.2.0] AndroidManifest.xml:26:13-79
186            android:authorities="com.example.shoppingapp.lifecycle-process"
186-->[androidx.lifecycle:lifecycle-process:2.2.0] AndroidManifest.xml:27:13-69
187            android:exported="false"
187-->[androidx.lifecycle:lifecycle-process:2.2.0] AndroidManifest.xml:28:13-37
188            android:multiprocess="true" />
188-->[androidx.lifecycle:lifecycle-process:2.2.0] AndroidManifest.xml:29:13-40
189    </application>
190
191</manifest>